CCS PCH C Compiler, Version 5.011, 5967               17-Μαρ-21 15:48

               Filename:   F:\Embedded Systems\Exercise_1a παράλληλη πόρτα εξόδου\exercise_01a.lst

               ROM used:   92 bytes (0%)
                           Largest free fragment is 30624
               RAM used:   4 (0%) at main() level
                           5 (0%) worst case
               Stack used: 1 locations
               Stack size: 31

*
0800:  GOTO   0834
.................... #include <main.h> // Συμπεριλαμβάνουμε το αρχείο 
.................... #include <18F4550.h> 
.................... //////// Standard Header file for the PIC18F4550 device //////////////// 
.................... #device PIC18F4550 
....................  
.................... #list 
....................  
.................... #DEVICE HIGH_INTS=TRUE 
.................... #device adc=10 
....................  
.................... #FUSES NOWDT                     //No Watch Dog Timer 
.................... #FUSES WDT32768                    //Watch Dog Timer uses 1:128 Postscale 
.................... #FUSES HSPLL                     //High Speed Crystal/Resonator with PLL enabled 
.................... #FUSES NOPROTECT                 //Code not protected from reading 
.................... #FUSES BROWNOUT                //No brownout reset 
.................... //#FUSES BORV20                    //Brownout reset at 2.0V 
.................... #FUSES NOPUT                     //No Power Up Timer 
.................... #FUSES NOCPD                     //No EE protection 
.................... #FUSES STVREN                    //Stack full/underflow will cause reset 
.................... #FUSES NODEBUG                   //No Debug mode for ICD 
.................... #FUSES NOLVP                     //No low voltage prgming, B3(PIC16) or B5(PIC18) used for I/O 
.................... #FUSES NOWRT                     //Program memory not write protected 
.................... #FUSES NOWRTD                    //Data EEPROM not write protected 
.................... #FUSES NOIESO                      //Internal External Switch Over mode enabled 
.................... #FUSES NOFCMEN                     //Fail-safe clock monitor enabled 
.................... #FUSES NOPBADEN                 ///PORTB pins are configured as analog input channels on RESET 
.................... #FUSES NOWRTC                    //configuration not registers write protected 
.................... #FUSES NOWRTB                    //Boot block not write protected 
.................... #FUSES NOEBTR                    //Memory not protected from table reads 
.................... #FUSES NOEBTRB                   //Boot block not protected from table reads 
.................... #FUSES NOCPB                     //No Boot Block code protection 
.................... #FUSES MCLR                      //Master Clear pin enabled 
.................... #FUSES NOLPT1OSC                   //Timer1 configured for low-power operation 
.................... #FUSES NOXINST                   //Extended set extension and Indexed Addressing mode disabled (Legacy mode) 
.................... #FUSES PLL5                      //Divide By 12(48MHz oscillator input) 
.................... #FUSES CPUDIV1                   //System Clock by 2 
.................... #FUSES USBDIV                    //USB clock source comes from PLL divide by 2 
.................... #FUSES VREGEN                    //USB voltage regulator enabled 
.................... #FUSES ICPRT                     //ICPRT enabled 
.................... #FUSES WRTB 
.................... #FUSES NOICPRT  
.................... #FUSES NOLPT1OSC 
.................... #FUSES CCP2B3  
.................... #FUSES NOCPB 
.................... #FUSES NOCPD 
.................... #FUSES NOWRTC 
.................... #FUSES NOWRTD 
.................... #FUSES NOEBTR 
.................... #FUSES NOEBTRB               
....................  
.................... /* systm clock is 48 MHz */ 
.................... #use delay(clock=48000000,RESTART_WDT) 
*
0808:  CLRF   FEA
080A:  MOVLW  05
080C:  MOVWF  FE9
080E:  MOVF   FEF,W
0810:  BZ    0832
0812:  MOVLW  0F
0814:  MOVWF  01
0816:  MOVLW  BF
0818:  MOVWF  00
081A:  CLRWDT
081C:  DECFSZ 00,F
081E:  BRA    081A
0820:  DECFSZ 01,F
0822:  BRA    0816
0824:  MOVLW  8F
0826:  MOVWF  00
0828:  DECFSZ 00,F
082A:  BRA    0828
082C:  CLRWDT
082E:  DECFSZ FEF,F
0830:  BRA    0812
0832:  RETURN 0
.................... /* --- BEGIN: changes required for bootloader ------------------------------ */ 
....................  
.................... /* ------------------------------------------------------------------------- */ 
.................... /* map reset vector and interrupt vector                                     */ 
.................... /* 0x000-0x7FF is used by the bootloader. The bootloader maps the original   */ 
.................... /* reset vecotr (0x000) to 0x800 and the reset vector (0x008) to 0x800.      */ 
.................... /* ------------------------------------------------------------------------- */ 
.................... #build (reset=0x800, interrupt=0x808) 
....................  
.................... /* ------------------------------------------------------------------------- */ 
.................... /* reserve boot block area                                                   */ 
.................... /* This memory range is used by the bootloader, so the application must not  */ 
.................... /* use this area.                                                            */ 
.................... /* ------------------------------------------------------------------------- */ 
.................... #org 0, 0x7FF {} 
....................  
.................... /* --- END: changes required for bootloader -------------------------------- */ 
....................  
....................  
....................  
....................  
....................  
....................                   // αρχικών ρυθμίσεων  main.h 
.................... #byte PORTB =0xF81 // αποδίδουμε στη θέση μνήμης 0xF81 
....................                    // το όνομα PORTB 
....................                    // Δηλαδή δημιουργούμε μια μεταβλητή 
....................                    // των 8 bit της οποίας η τιμή θα 
....................                    // αποθηκεύεται στη θέση μνήμης F81h 
....................                    // Η θέση μνήμης F81h είναι ο καταχωρητής 
....................                    // δεδομένων της πόρτας B  
....................                     
.................... void main(void){ 
0834:  CLRF   FF8
0836:  BSF    FD0.7
0838:  MOVF   FC1,W
083A:  ANDLW  C0
083C:  IORLW  0F
083E:  MOVWF  FC1
0840:  MOVLW  07
0842:  MOVWF  FB4
....................  
.................... set_tris_b(0x00);  // κάνουμε την πόρτα B έξοδο 
0844:  MOVLW  00
0846:  MOVWF  F93
....................                    // Δηλαδή δίνουμε στον καταχωρητή κατεύθυνσης 
....................                    // της πόρτας Β την τιμή 0000 0000 
....................  
.................... PORTB =0b11110000;       //Αποδίδουμε στον καταχωρητή δεδομένων 
0848:  MOVLW  F0
084A:  MOVWF  F81
....................                    //της πόρτας Β την τιμή 1111 0000 
....................  
....................      while(TRUE) {   // ατέρμων βρόχος 
....................       
....................                   PORTB=0b11111111;    // Όλοι οι ακροδέκτες της πόρτας Β λαμβάνουν την τιμή 1 
084C:  SETF   F81
....................                   delay_ms(100);              // Kαθυστέρηση 100 ms            
084E:  MOVLW  64
0850:  MOVWF  05
0852:  RCALL  0808
....................                   PORTB=0b00000000;    // 'Ολοι οι ακροδέκτες της πόρτας Β λαμβάνουν την τιμή 0 
0854:  CLRF   F81
....................                   delay_ms(100);              // Καθυστέρηση 100ms  
0856:  MOVLW  64
0858:  MOVWF  05
085A:  RCALL  0808
085C:  BRA    084C
....................             
....................                  } 
....................                   
....................                }    // κλείνει η αγκύλη της main() 
....................                 
085E:  SLEEP 
....................  

Configuration Fuses:
   Word  1: 0E24   PLL5 CPUDIV1 USBDIV HSPLL NOFCMEN NOIESO
   Word  2: 1E3F   NOPUT BROWNOUT BORV21 VREGEN NOWDT WDT32768
   Word  3: 8000   CCP2B3 NOPBADEN NOLPT1OSC MCLR
   Word  4: 0081   STVREN NOLVP ICSP1 NOXINST NODEBUG
   Word  5: C00F   NOPROTECT NOCPB NOCPD
   Word  6: A00F   NOWRT NOWRTC WRTB NOWRTD
   Word  7: 400F   NOEBTR NOEBTRB
