
ROM used:   394/31936 (1%)
            394/31936 (1%) including unused fragments

            0.4 Average locations per line
            26.3 Average locations per statement

RAM used:   41/2036 (2%) at main() level
            41/2036 (2%) worst case

Stack used: 2 worst case (1 in main + 1 for interrupts)
Stack size: 30

Lines Stmts  %   Files
----- ----- ---  -----
   52    15 100  AskSapou.c
   69     0   0  main-proteus.h
  821     0   0  M:\CSS\Devices\18F4550.h
----- -----
  942    15 Total

Page ROM  %  RAM   Vol Diff  Functions:
---- --- --- ---   --- ----  ----------
0     28   4    0    27  1.0  main
0     34   4    0   176  2.3  init
0     16   2    0    29  1.2  timer0_int
0     12   2    0    33  1.3  ext_int
 Inline         0             @cinit1

Program metrics:
    Functions               4
    Statements              15
    Comments                173
    Volume (V)              378
    Difficulty (D)          6.4
    Effort to implement (E) 2410
    Time to implement (T)   2 minutes
    Est Delivered Bugs (B)  0
    Cyclomatic Complexity   1
    Maintainability (MI)    91

 Segment     Used  Free
-----------  ----  ----
00000-00002     4  0  
00004-00006     0  4  
00008-00132   300  0  
00134-07CBE    90  31538  



