
ROM used:   122/32768 (0%)
            126/32768 (0%) including unused fragments

            0.1 Average locations per line
            11.1 Average locations per statement

RAM used:   5/2048 (0%) at main() level
            8/2048 (0%) worst case

Stack used: 1 worst case (1 in main + 0 for interrupts)
Stack size: 31

Lines Stmts  %   Files
----- ----- ---  -----
   26    11 100  paralagi.c
   68     0   0  main.h
  821     0   0  M:\CSS\Devices\18F4550.h
----- -----
  915    11 Total

Page ROM  %  RAM   Vol Diff  Functions:
---- --- --- ---   --- ----  ----------
0     44  18    1             @delay_ms1
0     74  30    1   267  3.8  main
 Inline         0             @cinit1

Program metrics:
    Functions               1
    Statements              11
    Comments                157
    Volume (V)              272
    Difficulty (D)          3.6
    Effort to implement (E) 967
    Time to implement (T)   1 minutes
    Est Delivered Bugs (B)  0
    Cyclomatic Complexity   1
    Maintainability (MI)    129

 Segment     Used  Free
-----------  ----  ----
00000-007FE     0  2048  
00800-00806     4  4  
00808-07FFE   118  30594  



