
ROM used:   110/32768 (0%)
            114/32768 (0%) including unused fragments

            0.1 Average locations per line
            11.0 Average locations per statement

RAM used:   4/2048 (0%) at main() level
            7/2048 (0%) worst case

Stack used: 1 worst case (1 in main + 0 for interrupts)
Stack size: 31

Lines Stmts  %   Files
----- ----- ---  -----
   22    10 100  ask2.c
   68     0   0  main.h
  821     0   0  M:\CSS\Devices\18F4550.h
----- -----
  911    10 Total

Page ROM  %  RAM   Vol Diff  Functions:
---- --- --- ---   --- ----  ----------
0     44  20    1             @delay_ms1
0     62  28    0   216  2.9  main
 Inline         0             @cinit1

Program metrics:
    Functions               1
    Statements              10
    Comments                156
    Volume (V)              221
    Difficulty (D)          2.6
    Effort to implement (E) 580
    Time to implement (T)   1 minutes
    Est Delivered Bugs (B)  0
    Cyclomatic Complexity   1
    Maintainability (MI)    129

 Segment     Used  Free
-----------  ----  ----
00000-007FE     0  2048  
00800-00806     4  4  
00808-07FFE   106  30606  



