
ROM used:   1198/31936 (4%)
            1198/31936 (4%) including unused fragments

            1.0 Average locations per line
            9.5 Average locations per statement

RAM used:   14/2036 (1%) at main() level
            28/2036 (1%) worst case

Stack used: 5 worst case (5 in main + 0 for interrupts)
Stack size: 30

Lines Stmts  %   Files
----- ----- ---  -----
   73    28  22  exercise_9C.c
   69     0   0  main-proteus.h
  821     0   0  ..\..\..\..\..\..\..\..\..\Program Files (x86)\PICC\Devices\18F4550.h
  127    54  43  keypad-proteus.h
  144    44  35  flex_lcd-proteus.h
----- -----
 1234   126 Total

Page ROM  %  RAM   Vol Diff  Functions:
---- --- --- ---   --- ----  ----------
0     44   2    1             @delay_ms1
0     32   1    0             @const634
0      8   0    0    21  0.9  kbd_init
0     56   2    1   125  3.0  ALL_ROWS
0    230  10    4  1590  7.7  kbd_getc
0     34   1    0             @goto10598
0     20   1    0             @const648
0     80   3    1   326  2.8  lcd_send_nibble
0     60   3    3   211  3.8  lcd_send_byte
0    100   4    2   406  4.7  lcd_init
0     36   2    4   186  5.5  lcd_gotoxy
0     66   3    1   272  4.1  lcd_putc
0    174   7    2   708  6.6  MAIN
0     40   2    3             @DIV88
0    170   7    6             @PRINTF_D_660
0      2   0    0             @const684
0     34   1    2             @PSTRINGC_660
0      8   0    0    21  0.9  init
 Inline         0             @cinit1

Program metrics:
    Functions               10
    Statements              126
    Comments                227
    Volume (V)              5750
    Difficulty (D)          39.4
    Effort to implement (E) 226709
    Time to implement (T)   3 hours, 30 minutes
    Est Delivered Bugs (B)  1
    Cyclomatic Complexity   26
    Maintainability (MI)    141

 Segment     Used  Free
-----------  ----  ----
00000-00002     4  0  
00004-07CBE  1194  30738  



