CCS PCH C Compiler, Version 5.011, 5967               11-בס-21 12:50

               Filename:   F:\Embedded Systems\Exercise011b\Exercise011b.lst

               ROM used:   54 bytes (0%)
                           Largest free fragment is 30662
               RAM used:   5 (0%) at main() level
                           8 (0%) worst case
               Stack used: 0 locations
               Stack size: 31

*
0800:  GOTO   0808
.................... #include <main.h> 
.................... #include <18F4550.h> 
.................... //////// Standard Header file for the PIC18F4550 device //////////////// 
.................... #device PIC18F4550 
....................  
.................... #list 
....................  
.................... #DEVICE HIGH_INTS=TRUE 
.................... #device adc=10 
....................  
.................... #FUSES NOWDT                     //No Watch Dog Timer 
.................... #FUSES WDT32768                    //Watch Dog Timer uses 1:128 Postscale 
.................... #FUSES HSPLL                     //High Speed Crystal/Resonator with PLL enabled 
.................... #FUSES NOPROTECT                 //Code not protected from reading 
.................... #FUSES BROWNOUT                //No brownout reset 
.................... //#FUSES BORV20                    //Brownout reset at 2.0V 
.................... #FUSES NOPUT                     //No Power Up Timer 
.................... #FUSES NOCPD                     //No EE protection 
.................... #FUSES STVREN                    //Stack full/underflow will cause reset 
.................... #FUSES NODEBUG                   //No Debug mode for ICD 
.................... #FUSES NOLVP                     //No low voltage prgming, B3(PIC16) or B5(PIC18) used for I/O 
.................... #FUSES NOWRT                     //Program memory not write protected 
.................... #FUSES NOWRTD                    //Data EEPROM not write protected 
.................... #FUSES NOIESO                      //Internal External Switch Over mode enabled 
.................... #FUSES NOFCMEN                     //Fail-safe clock monitor enabled 
.................... #FUSES NOPBADEN                 ///PORTB pins are configured as analog input channels on RESET 
.................... #FUSES NOWRTC                    //configuration not registers write protected 
.................... #FUSES NOWRTB                    //Boot block not write protected 
.................... #FUSES NOEBTR                    //Memory not protected from table reads 
.................... #FUSES NOEBTRB                   //Boot block not protected from table reads 
.................... #FUSES NOCPB                     //No Boot Block code protection 
.................... #FUSES MCLR                      //Master Clear pin enabled 
.................... #FUSES NOLPT1OSC                   //Timer1 configured for low-power operation 
.................... #FUSES NOXINST                   //Extended set extension and Indexed Addressing mode disabled (Legacy mode) 
.................... #FUSES PLL5                      //Divide By 12(48MHz oscillator input) 
.................... #FUSES CPUDIV1                   //System Clock by 2 
.................... #FUSES USBDIV                    //USB clock source comes from PLL divide by 2 
.................... #FUSES VREGEN                    //USB voltage regulator enabled 
.................... #FUSES ICPRT                     //ICPRT enabled 
.................... #FUSES WRTB 
.................... #FUSES NOICPRT  
.................... #FUSES NOLPT1OSC 
.................... #FUSES CCP2B3  
.................... #FUSES NOCPB 
.................... #FUSES NOCPD 
.................... #FUSES NOWRTC 
.................... #FUSES NOWRTD 
.................... #FUSES NOEBTR 
.................... #FUSES NOEBTRB               
....................  
.................... /* systm clock is 48 MHz */ 
.................... #use delay(clock=48000000,RESTART_WDT) 
.................... /* --- BEGIN: changes required for bootloader ------------------------------ */ 
....................  
.................... /* ------------------------------------------------------------------------- */ 
.................... /* map reset vector and interrupt vector                                     */ 
.................... /* 0x000-0x7FF is used by the bootloader. The bootloader maps the original   */ 
.................... /* reset vecotr (0x000) to 0x800 and the reset vector (0x008) to 0x800.      */ 
.................... /* ------------------------------------------------------------------------- */ 
.................... #build (reset=0x800, interrupt=0x808) 
....................  
.................... /* ------------------------------------------------------------------------- */ 
.................... /* reserve boot block area                                                   */ 
.................... /* This memory range is used by the bootloader, so the application must not  */ 
.................... /* use this area.                                                            */ 
.................... /* ------------------------------------------------------------------------- */ 
.................... #org 0, 0x7FF {} 
....................  
.................... /* --- END: changes required for bootloader -------------------------------- */ 
....................  
....................  
....................  
....................  
....................  
....................  
.................... #byte PORTB=0xF81 
.................... #byte PORTD=0xF83 
....................  
....................  
....................  
....................  
.................... void main() 
*
0808:  CLRF   FF8
080A:  BSF    FD0.7
080C:  MOVF   FC1,W
080E:  ANDLW  C0
0810:  IORLW  0F
0812:  MOVWF  FC1
0814:  MOVLW  07
0816:  MOVWF  FB4
.................... { 
....................     set_tris_b(0x00); 
0818:  MOVLW  00
081A:  MOVWF  F93
....................     set_tris_d(0xff); 
081C:  MOVLW  FF
081E:  MOVWF  F95
....................  
....................     int a; 
....................     int onoma=5; 
....................     int eponyma=7; 
0820:  MOVLW  05
0822:  MOVWF  06
0824:  MOVLW  07
0826:  MOVWF  07
....................  
....................  
....................     while(TRUE){ 
....................         a=PORTD+onoma-eponyma; 
0828:  MOVF   06,W
082A:  ADDWF  F83,W
082C:  BSF    FD8.0
082E:  SUBFWB 07,W
0830:  MOVWF  05
....................         PORTB=a; 
0832:  MOVFF  05,F81
0836:  BRA    0828
....................     } 
.................... } 
0838:  SLEEP 

Configuration Fuses:
   Word  1: 0E24   PLL5 CPUDIV1 USBDIV HSPLL NOFCMEN NOIESO
   Word  2: 1E3F   NOPUT BROWNOUT BORV21 VREGEN NOWDT WDT32768
   Word  3: 8000   CCP2B3 NOPBADEN NOLPT1OSC MCLR
   Word  4: 0081   STVREN NOLVP ICSP1 NOXINST NODEBUG
   Word  5: C00F   NOPROTECT NOCPB NOCPD
   Word  6: A00F   NOWRT NOWRTC WRTB NOWRTD
   Word  7: 400F   NOEBTR NOEBTRB
