
ROM used:   54/32768 (0%)
            58/32768 (0%) including unused fragments

            0.1 Average locations per line
            7.7 Average locations per statement

RAM used:   5/2048 (0%) at main() level
            8/2048 (0%) worst case

Stack used: 0 worst case (0 in main + 0 for interrupts)
Stack size: 31

Lines Stmts  %   Files
----- ----- ---  -----
   24     7 100  Exercise011b.c
   68     0   0  main.h
  821     0   0  M:\CSS\Devices\18F4550.h
----- -----
  913     7 Total

Page ROM  %  RAM   Vol Diff  Functions:
---- --- --- ---   --- ----  ----------
0     50  46    1   183  3.5  main
 Inline         0             @cinit1

Program metrics:
    Functions               1
    Statements              7
    Comments                156
    Volume (V)              185
    Difficulty (D)          3.3
    Effort to implement (E) 617
    Time to implement (T)   1 minutes
    Est Delivered Bugs (B)  0
    Cyclomatic Complexity   1
    Maintainability (MI)    136

 Segment     Used  Free
-----------  ----  ----
00000-007FE     0  2048  
00800-00806     4  4  
00808-07FFE    50  30662  



