
ROM used:   162/32768 (0%)
            166/32768 (1%) including unused fragments

            0.2 Average locations per line
            7.4 Average locations per statement

RAM used:   5/2048 (0%) at main() level
            9/2048 (0%) worst case

Stack used: 1 worst case (1 in main + 0 for interrupts)
Stack size: 31

Lines Stmts  %   Files
----- ----- ---  -----
   53    22 100  askk2.c
   68     0   0  main.h
  821     0   0  M:\CSS\Devices\18F4550.h
----- -----
  942    22 Total

Page ROM  %  RAM   Vol Diff  Functions:
---- --- --- ---   --- ----  ----------
0     44  14    1             @delay_ms1
0    114  35    1   516  5.7  main
 Inline         0             @cinit1

Program metrics:
    Functions               1
    Statements              22
    Comments                165
    Volume (V)              520
    Difficulty (D)          5.4
    Effort to implement (E) 2832
    Time to implement (T)   3 minutes
    Est Delivered Bugs (B)  0
    Cyclomatic Complexity   2
    Maintainability (MI)    131

 Segment     Used  Free
-----------  ----  ----
00000-007FE     0  2048  
00800-00806     4  4  
00808-07FFE   158  30554  



