
ROM used:   86/32768 (0%)
            90/32768 (0%) including unused fragments

            0.1 Average locations per line
            14.3 Average locations per statement

RAM used:   4/2048 (0%) at main() level
            5/2048 (0%) worst case

Stack used: 1 worst case (1 in main + 0 for interrupts)
Stack size: 31

Lines Stmts  %   Files
----- ----- ---  -----
   33     6 100  exercise00.c
   68     0   0  main.h
  821     0   0  M:\CSS\Devices\18F4550.h
----- -----
  922     6 Total

Page ROM  %  RAM   Vol Diff  Functions:
---- --- --- ---   --- ----  ----------
0     46  27    1             @delay_ms1
0     36  21    0   112  3.0  main
 Inline         0             @cinit1

Program metrics:
    Functions               1
    Statements              6
    Comments                164
    Volume (V)              116
    Difficulty (D)          2.6
    Effort to implement (E) 298
    Time to implement (T)   0 minutes
    Est Delivered Bugs (B)  0
    Cyclomatic Complexity   1
    Maintainability (MI)    159

 Segment     Used  Free
-----------  ----  ----
00000-007FE     0  2048  
00800-00806     4  4  
00808-07FFE    82  30630  



