
ROM used:   280/31936 (1%)
            280/31936 (1%) including unused fragments

            0.3 Average locations per line
            23.3 Average locations per statement

RAM used:   23/2036 (1%) at main() level
            25/2036 (1%) worst case

Stack used: 3 worst case (1 in main + 2 for interrupts)
Stack size: 30

Lines Stmts  %   Files
----- ----- ---  -----
   52    12 100  exc5b.c
   69     0   0  main-proteus.h
  821     0   0  M:\CSS\Devices\18F4550.h
----- -----
  942    12 Total

Page ROM  %  RAM   Vol Diff  Functions:
---- --- --- ---   --- ----  ----------
0     46   8    1             @delay_ms1
0     26   5    0    27  1.0  main
0     20   4    0    94  1.7  init
0     26   5    1   102  2.1  rb
 Inline         0             @cinit1

Program metrics:
    Functions               3
    Statements              12
    Comments                190
    Volume (V)              309
    Difficulty (D)          4.9
    Effort to implement (E) 1523
    Time to implement (T)   1 minutes
    Est Delivered Bugs (B)  0
    Cyclomatic Complexity   1
    Maintainability (MI)    113

 Segment     Used  Free
-----------  ----  ----
00000-00002     4  0  
00004-00006     0  4  
00008-000A4   158  0  
000A6-07CBE   118  31652  



