
ROM used:   326/32768 (1%)
            330/32768 (1%) including unused fragments

            0.3 Average locations per line
            18.1 Average locations per statement

RAM used:   26/2048 (1%) at main() level
            29/2048 (1%) worst case

Stack used: 1 worst case (1 in main + 0 for interrupts)
Stack size: 31

Lines Stmts  %   Files
----- ----- ---  -----
   54    18 100  askisi 3b.c
   68     0   0  main.h
  821     0   0  18F4550.h
----- -----
  943    18 Total

Page ROM  %  RAM   Vol Diff  Functions:
---- --- --- ---   --- ----  ----------
0     44   7    1             @delay_ms1
0    238  37    2   538  4.3  main
0     40   6    3             @DIV88
 Inline         0             @cinit1

Program metrics:
    Functions               1
    Statements              18
    Comments                178
    Volume (V)              545
    Difficulty (D)          4.0
    Effort to implement (E) 2201
    Time to implement (T)   2 minutes
    Est Delivered Bugs (B)  0
    Cyclomatic Complexity   1
    Maintainability (MI)    140

 Segment     Used  Free
-----------  ----  ----
00000-007FE     0  2048  
00800-00806     4  4  
00808-07FFE   322  30390  



