
ROM used:   1166/31936 (4%)
            1166/31936 (4%) including unused fragments

            1.1 Average locations per line
            17.9 Average locations per statement

RAM used:   25/2036 (1%) at main() level
            51/2036 (3%) worst case

Stack used: 11 worst case (5 in main + 6 for interrupts)
Stack size: 30

Lines Stmts  %   Files
----- ----- ---  -----
   73    21  32  exercise 7d.c
   69     0   0  main-proteus.h
  821     0   0  ..\..\..\..\..\..\Program Files (x86)\PICC\Devices\18F4550.h
  144    44  68  flex_lcd-proteus.h
----- -----
 1107    65 Total

Page ROM  %  RAM   Vol Diff  Functions:
---- --- --- ---   --- ----  ----------
0     44   2    1             @delay_ms1
0     36   2    0             @const634
0     80   3    1   326  2.8  lcd_send_nibble
0     60   3    3   211  3.8  lcd_send_byte
0    232  10    2   406  4.7  lcd_init
0     34   1    4   186  5.5  lcd_gotoxy
0     66   3    1   272  4.1  lcd_putc
0     44   2    0    57  1.3  MAIN
0      2   0    0             @const658
0     56   2    2             @PSTRINGC_646
0     60   3    0   178  3.8  timer0_int
0     12   1    0             @const660
0     32   1    3             @PSTRINGCN_646
0     40   2    3             @DIV88
0    172   7    6             @PRINTF_D_646
0     34   1    0   172  2.3  init
 Inline         0             @cinit1

Program metrics:
    Functions               8
    Statements              65
    Comments                235
    Volume (V)              2887
    Difficulty (D)          26.9
    Effort to implement (E) 77690
    Time to implement (T)   1 hours, 12 minutes
    Est Delivered Bugs (B)  1
    Cyclomatic Complexity   9
    Maintainability (MI)    149

 Segment     Used  Free
-----------  ----  ----
00000-00002     4  0  
00004-00006     0  4  
00008-000A4   158  0  
000A6-07CBE  1004  30766  



