
ROM used:   32/32768 (0%)
            36/32768 (0%) including unused fragments

            0.0 Average locations per line
            8.0 Average locations per statement

RAM used:   4/2048 (0%) at main() level
            4/2048 (0%) worst case

Stack used: 0 worst case (0 in main + 0 for interrupts)
Stack size: 31

Lines Stmts  %   Files
----- ----- ---  -----
   29     4 100  exercise_00a.c
   68     0   0  main.h
  821     0   0  M:\CSS\Devices\18F4550.h
----- -----
  918     4 Total

Page ROM  %  RAM   Vol Diff  Functions:
---- --- --- ---   --- ----  ----------
0     28  44    0    56  1.9  main
 Inline         0             @cinit1

Program metrics:
    Functions               1
    Statements              4
    Comments                171
    Volume (V)              57
    Difficulty (D)          1.7
    Effort to implement (E) 95
    Time to implement (T)   0 minutes
    Est Delivered Bugs (B)  0
    Cyclomatic Complexity   1
    Maintainability (MI)    177

 Segment     Used  Free
-----------  ----  ----
00000-007FE     0  2048  
00800-00806     4  4  
00808-07FFE    28  30684  



