
ROM used:   514/31936 (2%)
            514/31936 (2%) including unused fragments

            0.5 Average locations per line
            24.5 Average locations per statement

RAM used:   42/2036 (2%) at main() level
            49/2036 (2%) worst case

Stack used: 3 worst case (1 in main + 2 for interrupts)
Stack size: 30

Lines Stmts  %   Files
----- ----- ---  -----
   61    21 100  sapou.c
   69     0   0  main-proteus.h
  821     0   0  M:\CSS\Devices\18F4550.h
----- -----
  951    21 Total

Page ROM  %  RAM   Vol Diff  Functions:
---- --- --- ---   --- ----  ----------
0     44   4    1             @delay_ms1
0     68   7    1    67  1.6  main
0     36   4    1   102  2.9  ext_int1
0     36   4    1   102  2.9  ext_int2
0     26   3    0   176  2.3  init
 Inline         0             @cinit1

Program metrics:
    Functions               4
    Statements              21
    Comments                158
    Volume (V)              654
    Difficulty (D)          9.4
    Effort to implement (E) 6151
    Time to implement (T)   6 minutes
    Est Delivered Bugs (B)  0
    Cyclomatic Complexity   2
    Maintainability (MI)    102

 Segment     Used  Free
-----------  ----  ----
00000-00002     4  0  
00004-00006     0  4  
00008-00132   300  0  
00134-07CBE   210  31418  



