
ROM used:   124/32768 (0%)
            128/32768 (0%) including unused fragments

            0.1 Average locations per line
            10.3 Average locations per statement

RAM used:   5/2048 (0%) at main() level
            6/2048 (0%) worst case

Stack used: 1 worst case (1 in main + 0 for interrupts)
Stack size: 31

Lines Stmts  %   Files
----- ----- ---  -----
   29    12 100  exercisetheoria00.c
   68     0   0  main.h
  821     0   0  M:\CSS\Devices\18F4550.h
----- -----
  918    12 Total

Page ROM  %  RAM   Vol Diff  Functions:
---- --- --- ---   --- ----  ----------
0     44  18    1             @delay_ms1
0     76  31    1   338  5.6  main
 Inline         0             @cinit1

Program metrics:
    Functions               1
    Statements              12
    Comments                159
    Volume (V)              342
    Difficulty (D)          5.2
    Effort to implement (E) 1786
    Time to implement (T)   2 minutes
    Est Delivered Bugs (B)  0
    Cyclomatic Complexity   2
    Maintainability (MI)    132

 Segment     Used  Free
-----------  ----  ----
00000-007FE     0  2048  
00800-00806     4  4  
00808-07FFE   120  30592  



